Arguments: 
  C:\Program Files\nodejs\node.exe C:\Users\Ad\AppData\Roaming\npm\node_modules\yarn\bin\yarn.js add react-native-image-picker

PATH: 
  C:\Windows\system32;C:\Windows;C:\Windows\System32\Wbem;C:\Windows\System32\WindowsPowerShell\v1.0\;C:\Windows\System32\OpenSSH\;C:\Program Files\nodejs\;C:\Program Files\Git\cmd;C:\Program Files (x86)\NVIDIA Corporation\PhysX\Common;C:\Program Files\NVIDIA Corporation\NVIDIA NvDLISR;C:\WINDOWS\system32;C:\WINDOWS;C:\WINDOWS\System32\Wbem;C:\WINDOWS\System32\WindowsPowerShell\v1.0\;C:\WINDOWS\System32\OpenSSH\;C:\Users\Ad\AppData\Local\Microsoft\WindowsApps;C:\Users\Ad\AppData\Roaming\npm;C:\Users\Ad\AppData\Local\Programs\Microsoft VS Code\bin;

Yarn version: 
  1.22.19

Node version: 
  16.14.0

Platform: 
  win32 x64

Trace: 
  Error: https://registry.yarnpkg.com/chalk/-/chalk-4.1.2.tgz: Request failed "503 Service Unavailable"
      at ResponseError.ExtendableBuiltin (C:\Users\Ad\AppData\Roaming\npm\node_modules\yarn\lib\cli.js:696:66)
      at new ResponseError (C:\Users\Ad\AppData\Roaming\npm\node_modules\yarn\lib\cli.js:802:124)
      at Request.<anonymous> (C:\Users\Ad\AppData\Roaming\npm\node_modules\yarn\lib\cli.js:66215:16)
      at Request.emit (node:events:520:28)
      at Request.module.exports.Request.onRequestResponse (C:\Users\Ad\AppData\Roaming\npm\node_modules\yarn\lib\cli.js:141767:10)
      at ClientRequest.emit (node:events:520:28)
      at HTTPParser.parserOnIncomingClient [as onIncoming] (node:_http_client:618:27)
      at HTTPParser.parserOnHeadersComplete (node:_http_common:128:17)
      at HTTPParser.execute (<anonymous>)
      at TLSSocket.socketOnData (node:_http_client:482:22)

npm manifest: 
  {
    "name": "wego",
    "version": "1.0.0",
    "main": "node_modules/expo/AppEntry.js",
    "scripts": {
      "start": "expo start",
      "android": "expo start --android",
      "ios": "expo start --ios",
      "web": "expo start --web",
      "eject": "expo eject"
    },
    "dependencies": {
      "@react-navigation/bottom-tabs": "^6.3.1",
      "@react-navigation/native": "^6.0.10",
      "@react-navigation/stack": "^6.2.1",
      "expo": "~45.0.0",
      "expo-blur": "~11.1.0",
      "expo-linear-gradient": "~11.3.0",
      "expo-status-bar": "~1.3.0",
      "native-base": "^3.4.6",
      "pod-install": "^0.1.37",
      "react": "17.0.2",
      "react-dom": "17.0.2",
      "react-native": "0.68.2",
      "react-native-linear-gradient": "^2.6.1",
      "react-native-safe-area-context": "^4.3.1",
      "react-native-svg": "^12.3.0",
      "react-native-tab-view": "^3.1.1",
      "react-native-timeline-flatlist": "^0.8.0",
      "react-native-web": "0.17.7"
    },
    "devDependencies": {
      "@babel/core": "^7.12.9",
      "@types/react": "~17.0.21",
      "@types/react-native": "~0.66.13",
      "@typescript-eslint/eslint-plugin": "^5.37.0",
      "eslint": "^8.23.1",
      "eslint-config-prettier": "^8.5.0",
      "eslint-config-standard-with-typescript": "^23.0.0",
      "eslint-plugin-import": "^2.26.0",
      "eslint-plugin-n": "^15.2.5",
      "eslint-plugin-promise": "^6.0.1",
      "eslint-plugin-react": "^7.31.8",
      "eslint-plugin-react-native": "^4.0.0",
      "typescript": "^4.8.3"
    },
    "private": true
  }

yarn manifest: 
  No manifest

Lockfile: 
  No lockfile
